<?xml version="1.0" encoding="UTF-8"?>
<!-- Generated by org.testng.reporters.JUnitReportReporter -->
<testsuite hostname="DESKTOP-NRLQRJU" failures="0" tests="2" name="com.qa.tests.LoginPageTest" time="1.159" errors="0" timestamp="2024-02-20T11:32:27 IST" skipped="0">
  <testcase classname="com.qa.tests.LoginPageTest" name="adactinLogoTest" time="0.062"/>
  <system-out/>
  <testcase classname="com.qa.tests.LoginPageTest" name="LoginBtnTest" time="1.097"/>
  <system-out/>
</testsuite> <!-- com.qa.tests.LoginPageTest -->
