<?xml version="1.0" encoding="UTF-8"?>
<!-- Generated by org.testng.reporters.JUnitReportReporter -->
<testsuite hostname="DESKTOP-NRLQRJU" failures="0" tests="1" name="com.qa.tests.SelectHotelPageTest" time="13.693" errors="0" timestamp="2024-02-27T15:10:06 IST" skipped="0">
  <testcase classname="com.qa.tests.SelectHotelPageTest" name="selectHotelPageTitleTest" time="13.693"/>
  <system-out/>
</testsuite> <!-- com.qa.tests.SelectHotelPageTest -->
