<?xml version="1.0" encoding="UTF-8"?>
<!-- Generated by org.testng.reporters.JUnitReportReporter -->
<testsuite hostname="DESKTOP-NRLQRJU" failures="0" tests="1" name="com.qa.tests.LoginPageTest" time="0.068" errors="0" timestamp="2024-02-21T13:57:52 IST" skipped="0">
  <testcase classname="com.qa.tests.LoginPageTest" name="adactinLogoTest" time="0.068"/>
  <system-out/>
</testsuite> <!-- com.qa.tests.LoginPageTest -->
