<?xml version="1.0" encoding="UTF-8"?>
<!-- Generated by org.testng.reporters.JUnitReportReporter -->
<testsuite hostname="DESKTOP-NRLQRJU" failures="0" tests="1" name="com.qa.tests.SearchHotelPageTest" time="16.559" errors="0" timestamp="2024-02-20T16:00:01 IST" skipped="0">
  <testcase classname="com.qa.tests.SearchHotelPageTest" name="testDropdownSelection" time="16.559"/>
  <system-out/>
</testsuite> <!-- com.qa.tests.SearchHotelPageTest -->
