<?xml version="1.0" encoding="UTF-8"?>
<!-- Generated by org.testng.reporters.JUnitReportReporter -->
<testsuite hostname="DESKTOP-NRLQRJU" failures="0" tests="1" name="com.qa.tests.SearchHotelPageTest" time="7.385" errors="0" timestamp="2024-02-20T15:03:23 IST" skipped="0">
  <testcase classname="com.qa.tests.SearchHotelPageTest" name="testRoomTypeDropdownOptions" time="7.385"/>
  <system-out/>
</testsuite> <!-- com.qa.tests.SearchHotelPageTest -->
